<?xml version="1.0" encoding="UTF-8"?>
<testsuite xmlns:xsi="http://www.w3.org/2001/XMLSchema-instance" xsi:noNamespaceSchemaLocation="https://maven.apache.org/surefire/maven-surefire-plugin/xsd/surefire-test-report.xsd" version="3.0.2" name="com.codegen.demo.RapidCodeGeneratorApplicationTests" time="8.303" tests="1" errors="0" skipped="0" failures="0">
  <properties>
[...]
</properties>
  <testcase name="contextLoads" classname="com.codegen.demo.RapidCodeGeneratorApplicationTests" time="1.657">
    <system-out><![CDATA[16:44:56.962 [main] INFO org.springframework.boot.devtools.restart.RestartApplicationListener -- Restart disabled due to context in which it is running

  .   ____          _            __ _ _
 /\\ / ___'_ __ _ _(_)_ __  __ _ \ \ \ \
( ( )\___ | '_ | '_| | '_ \/ _` | \ \ \ \
 \\/  ___)| |_)| | | | | || (_| |  ) ) ) )
  '  |____| .__|_| |_|_| |_\__, | / / / /
 =========|_|==============|___/=/_/_/_/

 :: Spring Boot ::                (v3.4.4)

&amp#27;[32m16:44:57.411&amp#27;[0;39m &amp#27;[34mINFO &amp#27;[0;39m &amp#27;[31m[main]&amp#27;[0;39m &amp#27;[33mc.c.d.RapidCodeGeneratorApplicationTests&amp#27;[0;39m - Starting RapidCodeGeneratorApplicationTests using Java 17.0.15 with PID 29020 (started by MohammadJuned in C:\Users\MohammadJuned\git\repository\rapid-code-generator-Backened)
&amp#27;[32m16:44:57.418&amp#27;[0;39m &amp#27;[34mINFO &amp#27;[0;39m &amp#27;[31m[main]&amp#27;[0;39m &amp#27;[33mc.c.d.RapidCodeGeneratorApplicationTests&amp#27;[0;39m - No active profile set, falling back to 1 default profile: "default"
&amp#27;[32m16:45:02.305&amp#27;[0;39m &amp#27;[34mINFO &amp#27;[0;39m &amp#27;[31m[main]&amp#27;[0;39m &amp#27;[33mo.s.b.a.e.w.EndpointLinksResolver&amp#27;[0;39m - Exposing 1 endpoint beneath base path '/actuator'
&amp#27;[32m16:45:02.509&amp#27;[0;39m &amp#27;[34mINFO &amp#27;[0;39m &amp#27;[31m[main]&amp#27;[0;39m &amp#27;[33mc.c.d.RapidCodeGeneratorApplicationTests&amp#27;[0;39m - Started RapidCodeGeneratorApplicationTests in 5.568 seconds (process running for 7.837)
]]></system-out>
  </testcase>
</testsuite>